[debug] [2025-10-21T15:51:15.417Z] Checked if tokens are valid: true, expires at: 1761063516381
[debug] [2025-10-21T15:51:15.420Z] Checked if tokens are valid: true, expires at: 1761063516381
[debug] [2025-10-21T15:51:15.420Z] Checked if tokens are valid: true, expires at: 1761063516381
[debug] [2025-10-21T15:51:15.421Z] Checked if tokens are valid: true, expires at: 1761063516381
[debug] [2025-10-21T15:51:15.421Z] Checked if tokens are valid: true, expires at: 1761063516381
[debug] [2025-10-21T15:51:15.421Z] Checked if tokens are valid: true, expires at: 1761063516381
[debug] [2025-10-21T15:51:15.421Z] Checked if tokens are valid: true, expires at: 1761063516381
[debug] [2025-10-21T15:51:15.421Z] Checked if tokens are valid: true, expires at: 1761063516381
[debug] [2025-10-21T15:51:15.421Z] Checked if tokens are valid: true, expires at: 1761063516381
[debug] [2025-10-21T15:51:15.421Z] Checked if tokens are valid: true, expires at: 1761063516381
[debug] [2025-10-21T15:51:15.421Z] Checked if tokens are valid: true, expires at: 1761063516381
[debug] [2025-10-21T15:51:15.421Z] Checked if tokens are valid: true, expires at: 1761063516381
[debug] [2025-10-21T15:51:15.422Z] >>> [apiv2][query] GET https://serviceusage.googleapis.com/v1/projects/notenex-app/services/ [none]
[debug] [2025-10-21T15:51:15.422Z] >>> [apiv2][(partial)header] GET https://serviceusage.googleapis.com/v1/projects/notenex-app/services/ x-goog-quota-user=projects/notenex-app
[debug] [2025-10-21T15:51:15.437Z] >>> [apiv2][query] GET https://serviceusage.googleapis.com/v1/projects/notenex-app/services/firebasedataconnect.googleapis.com [none]
[debug] [2025-10-21T15:51:15.437Z] >>> [apiv2][(partial)header] GET https://serviceusage.googleapis.com/v1/projects/notenex-app/services/firebasedataconnect.googleapis.com x-goog-quota-user=projects/notenex-app
[debug] [2025-10-21T15:51:15.438Z] >>> [apiv2][query] GET https://serviceusage.googleapis.com/v1/projects/notenex-app/services/cloudfunctions.googleapis.com [none]
[debug] [2025-10-21T15:51:15.438Z] >>> [apiv2][(partial)header] GET https://serviceusage.googleapis.com/v1/projects/notenex-app/services/cloudfunctions.googleapis.com x-goog-quota-user=projects/notenex-app
[debug] [2025-10-21T15:51:15.438Z] >>> [apiv2][query] GET https://serviceusage.googleapis.com/v1/projects/notenex-app/services/firebasecrashlytics.googleapis.com [none]
[debug] [2025-10-21T15:51:15.438Z] >>> [apiv2][(partial)header] GET https://serviceusage.googleapis.com/v1/projects/notenex-app/services/firebasecrashlytics.googleapis.com x-goog-quota-user=projects/notenex-app
[debug] [2025-10-21T15:51:15.439Z] >>> [apiv2][query] GET https://serviceusage.googleapis.com/v1/projects/notenex-app/services/firebaseapphosting.googleapis.com [none]
[debug] [2025-10-21T15:51:15.439Z] >>> [apiv2][(partial)header] GET https://serviceusage.googleapis.com/v1/projects/notenex-app/services/firebaseapphosting.googleapis.com x-goog-quota-user=projects/notenex-app
[debug] [2025-10-21T15:51:15.439Z] >>> [apiv2][query] GET https://serviceusage.googleapis.com/v1/projects/notenex-app/services/firebaseio.com [none]
[debug] [2025-10-21T15:51:15.439Z] >>> [apiv2][(partial)header] GET https://serviceusage.googleapis.com/v1/projects/notenex-app/services/firebaseio.com x-goog-quota-user=projects/notenex-app
[debug] [2025-10-21T15:51:15.665Z] <<< [apiv2][status] GET https://serviceusage.googleapis.com/v1/projects/notenex-app/services/firebaseio.com 403
[debug] [2025-10-21T15:51:15.666Z] <<< [apiv2][body] GET https://serviceusage.googleapis.com/v1/projects/notenex-app/services/firebaseio.com [omitted]
[debug] [2025-10-21T15:51:15.667Z] <<< [apiv2][status] GET https://serviceusage.googleapis.com/v1/projects/notenex-app/services/firebasedataconnect.googleapis.com 200
[debug] [2025-10-21T15:51:15.667Z] <<< [apiv2][body] GET https://serviceusage.googleapis.com/v1/projects/notenex-app/services/firebasedataconnect.googleapis.com [omitted]
[debug] [2025-10-21T15:51:15.672Z] <<< [apiv2][status] GET https://serviceusage.googleapis.com/v1/projects/notenex-app/services/firebasecrashlytics.googleapis.com 200
[debug] [2025-10-21T15:51:15.672Z] <<< [apiv2][body] GET https://serviceusage.googleapis.com/v1/projects/notenex-app/services/firebasecrashlytics.googleapis.com [omitted]
[debug] [2025-10-21T15:51:15.701Z] <<< [apiv2][status] GET https://serviceusage.googleapis.com/v1/projects/notenex-app/services/cloudfunctions.googleapis.com 200
[debug] [2025-10-21T15:51:15.702Z] <<< [apiv2][body] GET https://serviceusage.googleapis.com/v1/projects/notenex-app/services/cloudfunctions.googleapis.com [omitted]
[debug] [2025-10-21T15:51:15.707Z] <<< [apiv2][status] GET https://serviceusage.googleapis.com/v1/projects/notenex-app/services/firebaseapphosting.googleapis.com 200
[debug] [2025-10-21T15:51:15.707Z] <<< [apiv2][body] GET https://serviceusage.googleapis.com/v1/projects/notenex-app/services/firebaseapphosting.googleapis.com [omitted]
[debug] [2025-10-21T15:51:16.114Z] <<< [apiv2][status] GET https://serviceusage.googleapis.com/v1/projects/notenex-app/services/ 200
[debug] [2025-10-21T15:51:16.114Z] <<< [apiv2][body] GET https://serviceusage.googleapis.com/v1/projects/notenex-app/services/ [omitted]
[debug] [2025-10-21T15:51:17.393Z] > command requires scopes: ["email","openid","https://www.googleapis.com/auth/cloudplatformprojects.readonly","https://www.googleapis.com/auth/firebase","https://www.googleapis.com/auth/cloud-platform"]
[debug] [2025-10-21T15:51:17.393Z] > authorizing via signed-in user (dinohorn35@gmail.com)
[debug] [2025-10-21T15:51:17.432Z] > command requires scopes: ["email","openid","https://www.googleapis.com/auth/cloudplatformprojects.readonly","https://www.googleapis.com/auth/firebase","https://www.googleapis.com/auth/cloud-platform"]
[debug] [2025-10-21T15:51:17.432Z] > authorizing via signed-in user (dinohorn35@gmail.com)
[debug] [2025-10-21T15:59:31.220Z] Checked if tokens are valid: true, expires at: 1761063516381
[debug] [2025-10-21T15:59:31.221Z] Checked if tokens are valid: true, expires at: 1761063516381
[debug] [2025-10-21T15:59:31.221Z] Checked if tokens are valid: true, expires at: 1761063516381
[debug] [2025-10-21T15:59:31.221Z] Checked if tokens are valid: true, expires at: 1761063516381
[debug] [2025-10-21T15:59:31.221Z] Checked if tokens are valid: true, expires at: 1761063516381
[debug] [2025-10-21T15:59:31.222Z] Checked if tokens are valid: true, expires at: 1761063516381
[debug] [2025-10-21T15:59:31.222Z] Checked if tokens are valid: true, expires at: 1761063516381
[debug] [2025-10-21T15:59:31.222Z] Checked if tokens are valid: true, expires at: 1761063516381
[debug] [2025-10-21T15:59:31.222Z] Checked if tokens are valid: true, expires at: 1761063516381
[debug] [2025-10-21T15:59:31.222Z] Checked if tokens are valid: true, expires at: 1761063516381
[debug] [2025-10-21T15:59:31.222Z] Checked if tokens are valid: true, expires at: 1761063516381
[debug] [2025-10-21T15:59:31.222Z] Checked if tokens are valid: true, expires at: 1761063516381
[debug] [2025-10-21T15:59:31.223Z] >>> [apiv2][query] GET https://serviceusage.googleapis.com/v1/projects/notenex-app/services/ [none]
[debug] [2025-10-21T15:59:31.223Z] >>> [apiv2][(partial)header] GET https://serviceusage.googleapis.com/v1/projects/notenex-app/services/ x-goog-quota-user=projects/notenex-app
[debug] [2025-10-21T15:59:31.239Z] >>> [apiv2][query] GET https://serviceusage.googleapis.com/v1/projects/notenex-app/services/firebasedataconnect.googleapis.com [none]
[debug] [2025-10-21T15:59:31.239Z] >>> [apiv2][(partial)header] GET https://serviceusage.googleapis.com/v1/projects/notenex-app/services/firebasedataconnect.googleapis.com x-goog-quota-user=projects/notenex-app
[debug] [2025-10-21T15:59:31.240Z] >>> [apiv2][query] GET https://serviceusage.googleapis.com/v1/projects/notenex-app/services/cloudfunctions.googleapis.com [none]
[debug] [2025-10-21T15:59:31.240Z] >>> [apiv2][(partial)header] GET https://serviceusage.googleapis.com/v1/projects/notenex-app/services/cloudfunctions.googleapis.com x-goog-quota-user=projects/notenex-app
[debug] [2025-10-21T15:59:31.240Z] >>> [apiv2][query] GET https://serviceusage.googleapis.com/v1/projects/notenex-app/services/firebasecrashlytics.googleapis.com [none]
[debug] [2025-10-21T15:59:31.240Z] >>> [apiv2][(partial)header] GET https://serviceusage.googleapis.com/v1/projects/notenex-app/services/firebasecrashlytics.googleapis.com x-goog-quota-user=projects/notenex-app
[debug] [2025-10-21T15:59:31.240Z] >>> [apiv2][query] GET https://serviceusage.googleapis.com/v1/projects/notenex-app/services/firebaseapphosting.googleapis.com [none]
[debug] [2025-10-21T15:59:31.240Z] >>> [apiv2][(partial)header] GET https://serviceusage.googleapis.com/v1/projects/notenex-app/services/firebaseapphosting.googleapis.com x-goog-quota-user=projects/notenex-app
[debug] [2025-10-21T15:59:31.241Z] >>> [apiv2][query] GET https://serviceusage.googleapis.com/v1/projects/notenex-app/services/firebaseio.com [none]
[debug] [2025-10-21T15:59:31.241Z] >>> [apiv2][(partial)header] GET https://serviceusage.googleapis.com/v1/projects/notenex-app/services/firebaseio.com x-goog-quota-user=projects/notenex-app
[debug] [2025-10-21T15:59:31.470Z] <<< [apiv2][status] GET https://serviceusage.googleapis.com/v1/projects/notenex-app/services/firebaseio.com 403
[debug] [2025-10-21T15:59:31.471Z] <<< [apiv2][body] GET https://serviceusage.googleapis.com/v1/projects/notenex-app/services/firebaseio.com [omitted]
[debug] [2025-10-21T15:59:31.492Z] <<< [apiv2][status] GET https://serviceusage.googleapis.com/v1/projects/notenex-app/services/firebaseapphosting.googleapis.com 200
[debug] [2025-10-21T15:59:31.492Z] <<< [apiv2][body] GET https://serviceusage.googleapis.com/v1/projects/notenex-app/services/firebaseapphosting.googleapis.com [omitted]
[debug] [2025-10-21T15:59:31.496Z] <<< [apiv2][status] GET https://serviceusage.googleapis.com/v1/projects/notenex-app/services/firebasedataconnect.googleapis.com 200
[debug] [2025-10-21T15:59:31.496Z] <<< [apiv2][body] GET https://serviceusage.googleapis.com/v1/projects/notenex-app/services/firebasedataconnect.googleapis.com [omitted]
[debug] [2025-10-21T15:59:31.514Z] <<< [apiv2][status] GET https://serviceusage.googleapis.com/v1/projects/notenex-app/services/firebasecrashlytics.googleapis.com 200
[debug] [2025-10-21T15:59:31.514Z] <<< [apiv2][body] GET https://serviceusage.googleapis.com/v1/projects/notenex-app/services/firebasecrashlytics.googleapis.com [omitted]
[debug] [2025-10-21T15:59:31.516Z] <<< [apiv2][status] GET https://serviceusage.googleapis.com/v1/projects/notenex-app/services/cloudfunctions.googleapis.com 200
[debug] [2025-10-21T15:59:31.516Z] <<< [apiv2][body] GET https://serviceusage.googleapis.com/v1/projects/notenex-app/services/cloudfunctions.googleapis.com [omitted]
[debug] [2025-10-21T15:59:32.056Z] <<< [apiv2][status] GET https://serviceusage.googleapis.com/v1/projects/notenex-app/services/ 200
[debug] [2025-10-21T15:59:32.056Z] <<< [apiv2][body] GET https://serviceusage.googleapis.com/v1/projects/notenex-app/services/ [omitted]
[debug] [2025-10-21T15:59:33.571Z] > command requires scopes: ["email","openid","https://www.googleapis.com/auth/cloudplatformprojects.readonly","https://www.googleapis.com/auth/firebase","https://www.googleapis.com/auth/cloud-platform"]
[debug] [2025-10-21T15:59:33.572Z] > authorizing via signed-in user (dinohorn35@gmail.com)
[debug] [2025-10-21T15:59:33.582Z] > command requires scopes: ["email","openid","https://www.googleapis.com/auth/cloudplatformprojects.readonly","https://www.googleapis.com/auth/firebase","https://www.googleapis.com/auth/cloud-platform"]
[debug] [2025-10-21T15:59:33.582Z] > authorizing via signed-in user (dinohorn35@gmail.com)
[debug] [2025-10-21T18:47:29.999Z] Checked if tokens are valid: false, expires at: 1761071108845
[debug] [2025-10-21T18:47:30.001Z] Checked if tokens are valid: false, expires at: 1761071108845
[debug] [2025-10-21T18:47:30.001Z] > refreshing access token with scopes: []
[debug] [2025-10-21T18:47:30.002Z] >>> [apiv2][query] POST https://www.googleapis.com/oauth2/v3/token [none]
[debug] [2025-10-21T18:47:30.002Z] >>> [apiv2][body] POST https://www.googleapis.com/oauth2/v3/token [omitted]
[debug] [2025-10-21T18:47:30.016Z] Checked if tokens are valid: false, expires at: 1761071108845
[debug] [2025-10-21T18:47:30.017Z] Checked if tokens are valid: false, expires at: 1761071108845
[debug] [2025-10-21T18:47:30.017Z] > refreshing access token with scopes: []
[debug] [2025-10-21T18:47:30.017Z] >>> [apiv2][query] POST https://www.googleapis.com/oauth2/v3/token [none]
[debug] [2025-10-21T18:47:30.017Z] >>> [apiv2][body] POST https://www.googleapis.com/oauth2/v3/token [omitted]
[debug] [2025-10-21T18:47:30.018Z] Checked if tokens are valid: false, expires at: 1761071108845
[debug] [2025-10-21T18:47:30.018Z] Checked if tokens are valid: false, expires at: 1761071108845
[debug] [2025-10-21T18:47:30.018Z] > refreshing access token with scopes: []
[debug] [2025-10-21T18:47:30.018Z] >>> [apiv2][query] POST https://www.googleapis.com/oauth2/v3/token [none]
[debug] [2025-10-21T18:47:30.018Z] >>> [apiv2][body] POST https://www.googleapis.com/oauth2/v3/token [omitted]
[debug] [2025-10-21T18:47:30.018Z] Checked if tokens are valid: false, expires at: 1761071108845
[debug] [2025-10-21T18:47:30.018Z] Checked if tokens are valid: false, expires at: 1761071108845
[debug] [2025-10-21T18:47:30.018Z] > refreshing access token with scopes: []
[debug] [2025-10-21T18:47:30.018Z] >>> [apiv2][query] POST https://www.googleapis.com/oauth2/v3/token [none]
[debug] [2025-10-21T18:47:30.018Z] >>> [apiv2][body] POST https://www.googleapis.com/oauth2/v3/token [omitted]
[debug] [2025-10-21T18:47:30.019Z] Checked if tokens are valid: false, expires at: 1761071108845
[debug] [2025-10-21T18:47:30.019Z] Checked if tokens are valid: false, expires at: 1761071108845
[debug] [2025-10-21T18:47:30.019Z] > refreshing access token with scopes: []
[debug] [2025-10-21T18:47:30.019Z] >>> [apiv2][query] POST https://www.googleapis.com/oauth2/v3/token [none]
[debug] [2025-10-21T18:47:30.019Z] >>> [apiv2][body] POST https://www.googleapis.com/oauth2/v3/token [omitted]
[debug] [2025-10-21T18:47:30.019Z] Checked if tokens are valid: false, expires at: 1761071108845
[debug] [2025-10-21T18:47:30.019Z] Checked if tokens are valid: false, expires at: 1761071108845
[debug] [2025-10-21T18:47:30.019Z] > refreshing access token with scopes: []
[debug] [2025-10-21T18:47:30.019Z] >>> [apiv2][query] POST https://www.googleapis.com/oauth2/v3/token [none]
[debug] [2025-10-21T18:47:30.019Z] >>> [apiv2][body] POST https://www.googleapis.com/oauth2/v3/token [omitted]
[debug] [2025-10-21T18:47:30.154Z] <<< [apiv2][status] POST https://www.googleapis.com/oauth2/v3/token 200
[debug] [2025-10-21T18:47:30.155Z] <<< [apiv2][body] POST https://www.googleapis.com/oauth2/v3/token [omitted]
[debug] [2025-10-21T18:47:30.169Z] >>> [apiv2][query] GET https://serviceusage.googleapis.com/v1/projects/notenex-app/services/firebaseio.com [none]
[debug] [2025-10-21T18:47:30.169Z] >>> [apiv2][(partial)header] GET https://serviceusage.googleapis.com/v1/projects/notenex-app/services/firebaseio.com x-goog-quota-user=projects/notenex-app
[debug] [2025-10-21T18:47:30.171Z] <<< [apiv2][status] POST https://www.googleapis.com/oauth2/v3/token 200
[debug] [2025-10-21T18:47:30.171Z] <<< [apiv2][body] POST https://www.googleapis.com/oauth2/v3/token [omitted]
[debug] [2025-10-21T18:47:30.182Z] >>> [apiv2][query] GET https://serviceusage.googleapis.com/v1/projects/notenex-app/services/firebasedataconnect.googleapis.com [none]
[debug] [2025-10-21T18:47:30.182Z] >>> [apiv2][(partial)header] GET https://serviceusage.googleapis.com/v1/projects/notenex-app/services/firebasedataconnect.googleapis.com x-goog-quota-user=projects/notenex-app
[debug] [2025-10-21T18:47:30.182Z] <<< [apiv2][status] POST https://www.googleapis.com/oauth2/v3/token 200
[debug] [2025-10-21T18:47:30.182Z] <<< [apiv2][body] POST https://www.googleapis.com/oauth2/v3/token [omitted]
[debug] [2025-10-21T18:47:30.191Z] >>> [apiv2][query] GET https://serviceusage.googleapis.com/v1/projects/notenex-app/services/cloudfunctions.googleapis.com [none]
[debug] [2025-10-21T18:47:30.191Z] >>> [apiv2][(partial)header] GET https://serviceusage.googleapis.com/v1/projects/notenex-app/services/cloudfunctions.googleapis.com x-goog-quota-user=projects/notenex-app
[debug] [2025-10-21T18:47:30.192Z] <<< [apiv2][status] POST https://www.googleapis.com/oauth2/v3/token 200
[debug] [2025-10-21T18:47:30.192Z] <<< [apiv2][body] POST https://www.googleapis.com/oauth2/v3/token [omitted]
[debug] [2025-10-21T18:47:30.198Z] >>> [apiv2][query] GET https://serviceusage.googleapis.com/v1/projects/notenex-app/services/firebaseapphosting.googleapis.com [none]
[debug] [2025-10-21T18:47:30.198Z] >>> [apiv2][(partial)header] GET https://serviceusage.googleapis.com/v1/projects/notenex-app/services/firebaseapphosting.googleapis.com x-goog-quota-user=projects/notenex-app
[debug] [2025-10-21T18:47:30.198Z] <<< [apiv2][status] POST https://www.googleapis.com/oauth2/v3/token 200
[debug] [2025-10-21T18:47:30.198Z] <<< [apiv2][body] POST https://www.googleapis.com/oauth2/v3/token [omitted]
[debug] [2025-10-21T18:47:30.206Z] >>> [apiv2][query] GET https://serviceusage.googleapis.com/v1/projects/notenex-app/services/firebasecrashlytics.googleapis.com [none]
[debug] [2025-10-21T18:47:30.206Z] >>> [apiv2][(partial)header] GET https://serviceusage.googleapis.com/v1/projects/notenex-app/services/firebasecrashlytics.googleapis.com x-goog-quota-user=projects/notenex-app
[debug] [2025-10-21T18:47:30.206Z] <<< [apiv2][status] POST https://www.googleapis.com/oauth2/v3/token 200
[debug] [2025-10-21T18:47:30.206Z] <<< [apiv2][body] POST https://www.googleapis.com/oauth2/v3/token [omitted]
[debug] [2025-10-21T18:47:30.214Z] >>> [apiv2][query] GET https://serviceusage.googleapis.com/v1/projects/notenex-app/services/ [none]
[debug] [2025-10-21T18:47:30.214Z] >>> [apiv2][(partial)header] GET https://serviceusage.googleapis.com/v1/projects/notenex-app/services/ x-goog-quota-user=projects/notenex-app
[debug] [2025-10-21T18:47:30.436Z] <<< [apiv2][status] GET https://serviceusage.googleapis.com/v1/projects/notenex-app/services/firebaseio.com 403
[debug] [2025-10-21T18:47:30.436Z] <<< [apiv2][body] GET https://serviceusage.googleapis.com/v1/projects/notenex-app/services/firebaseio.com [omitted]
[debug] [2025-10-21T18:47:30.441Z] <<< [apiv2][status] GET https://serviceusage.googleapis.com/v1/projects/notenex-app/services/firebasecrashlytics.googleapis.com 200
[debug] [2025-10-21T18:47:30.441Z] <<< [apiv2][body] GET https://serviceusage.googleapis.com/v1/projects/notenex-app/services/firebasecrashlytics.googleapis.com [omitted]
[debug] [2025-10-21T18:47:30.456Z] <<< [apiv2][status] GET https://serviceusage.googleapis.com/v1/projects/notenex-app/services/cloudfunctions.googleapis.com 200
[debug] [2025-10-21T18:47:30.456Z] <<< [apiv2][body] GET https://serviceusage.googleapis.com/v1/projects/notenex-app/services/cloudfunctions.googleapis.com [omitted]
[debug] [2025-10-21T18:47:30.456Z] <<< [apiv2][status] GET https://serviceusage.googleapis.com/v1/projects/notenex-app/services/firebaseapphosting.googleapis.com 200
[debug] [2025-10-21T18:47:30.456Z] <<< [apiv2][body] GET https://serviceusage.googleapis.com/v1/projects/notenex-app/services/firebaseapphosting.googleapis.com [omitted]
[debug] [2025-10-21T18:47:30.463Z] <<< [apiv2][status] GET https://serviceusage.googleapis.com/v1/projects/notenex-app/services/firebasedataconnect.googleapis.com 200
[debug] [2025-10-21T18:47:30.464Z] <<< [apiv2][body] GET https://serviceusage.googleapis.com/v1/projects/notenex-app/services/firebasedataconnect.googleapis.com [omitted]
[debug] [2025-10-21T18:47:30.794Z] <<< [apiv2][status] GET https://serviceusage.googleapis.com/v1/projects/notenex-app/services/ 200
[debug] [2025-10-21T18:47:30.794Z] <<< [apiv2][body] GET https://serviceusage.googleapis.com/v1/projects/notenex-app/services/ [omitted]
[debug] [2025-10-21T18:47:31.982Z] > command requires scopes: ["email","openid","https://www.googleapis.com/auth/cloudplatformprojects.readonly","https://www.googleapis.com/auth/firebase","https://www.googleapis.com/auth/cloud-platform"]
[debug] [2025-10-21T18:47:31.982Z] > authorizing via signed-in user (dinohorn35@gmail.com)
[debug] [2025-10-21T18:47:32.032Z] > command requires scopes: ["email","openid","https://www.googleapis.com/auth/cloudplatformprojects.readonly","https://www.googleapis.com/auth/firebase","https://www.googleapis.com/auth/cloud-platform"]
[debug] [2025-10-21T18:47:32.033Z] > authorizing via signed-in user (dinohorn35@gmail.com)
